<?xml version="1.0" encoding="UTF-8"?>
<testsuite name="com.challenge.receiptprocessor.ReceiptProcessorApplicationTests" tests="1" skipped="0" failures="0" errors="0" timestamp="2025-01-31T23:29:29" hostname="SARCAZAMK" time="0.64">
  <properties/>
  <testcase name="contextLoads()" classname="com.challenge.receiptprocessor.ReceiptProcessorApplicationTests" time="0.64"/>
  <system-out><![CDATA[18:29:27.637 [Test worker] INFO org.springframework.test.context.support.AnnotationConfigContextLoaderUtils -- Could not detect default configuration classes for test class [com.challenge.receiptprocessor.ReceiptProcessorApplicationTests]: ReceiptProcessorApplicationTests does not declare any static, non-private, non-final, nested classes annotated with @Configuration.
18:29:27.751 [Test worker] INFO org.springframework.boot.test.context.SpringBootTestContextBootstrapper -- Found @SpringBootConfiguration com.challenge.receiptprocessor.ReceiptProcessorApplication for test class com.challenge.receiptprocessor.ReceiptProcessorApplicationTests

  .   ____          _            __ _ _
 /\\ / ___'_ __ _ _(_)_ __  __ _ \ \ \ \
( ( )\___ | '_ | '_| | '_ \/ _` | \ \ \ \
 \\/  ___)| |_)| | | | | || (_| |  ) ) ) )
  '  |____| .__|_| |_|_| |_\__, | / / / /
 =========|_|==============|___/=/_/_/_/

 :: Spring Boot ::                (v3.4.2)

2025-01-31T18:29:28.208-05:00  INFO 44480 --- [receiptprocessor] [    Test worker] c.c.r.ReceiptProcessorApplicationTests   : Starting ReceiptProcessorApplicationTests using Java 21.0.3 with PID 44480 (started by AzamK in C:\Users\AzamK\Documents\Azam New\Projects\receiptprocessor)
2025-01-31T18:29:28.208-05:00  INFO 44480 --- [receiptprocessor] [    Test worker] c.c.r.ReceiptProcessorApplicationTests   : No active profile set, falling back to 1 default profile: "default"
2025-01-31T18:29:29.370-05:00  INFO 44480 --- [receiptprocessor] [    Test worker] c.c.r.ReceiptProcessorApplicationTests   : Started ReceiptProcessorApplicationTests in 1.464 seconds (process running for 2.547)
]]></system-out>
  <system-err><![CDATA[Mockito is currently self-attaching to enable the inline-mock-maker. This will no longer work in future releases of the JDK. Please add Mockito as an agent to your build what is described in Mockito's documentation: https://javadoc.io/doc/org.mockito/mockito-core/latest/org/mockito/Mockito.html#0.3
WARNING: A Java agent has been loaded dynamically (C:\Users\AzamK\.gradle\caches\modules-2\files-2.1\net.bytebuddy\byte-buddy-agent\1.15.11\a38b16385e867f59a641330f0362ebe742788ed8\byte-buddy-agent-1.15.11.jar)
WARNING: If a serviceability tool is in use, please run with -XX:+EnableDynamicAgentLoading to hide this warning
WARNING: If a serviceability tool is not in use, please run with -Djdk.instrument.traceUsage for more information
WARNING: Dynamic loading of agents will be disallowed by default in a future release
]]></system-err>
</testsuite>
